Analysis & Elaboration report for MIPS
Thu Mar 10 14:08:03 2022
Quartus Prime Version 18.1.0 Build 625 09/12/2018 SJ Lite Edition


---------------------
; Table of Contents ;
---------------------
  1. Legal Notice
  2. Analysis & Elaboration Summary
  3. Parallel Compilation
  4. Analysis & Elaboration Settings
  5. Analysis & Elaboration Messages



----------------
; Legal Notice ;
----------------
Copyright (C) 2018  Intel Corporation. All rights reserved.
Your use of Intel Corporation's design tools, logic functions 
and other software and tools, and its AMPP partner logic 
functions, and any output files from any of the foregoing 
(including device programming or simulation files), and any 
associated documentation or information are expressly subject 
to the terms and conditions of the Intel Program License 
Subscription Agreement, the Intel Quartus Prime License Agreement,
the Intel FPGA IP License Agreement, or other applicable license
agreement, including, without limitation, that your use is for
the sole purpose of programming logic devices manufactured by
Intel and sold by Intel or its authorized distributors.  Please
refer to the applicable agreement for further details.



+----------------------------------------------------------------------------------+
; Analysis & Elaboration Summary                                                   ;
+------------------------------------+---------------------------------------------+
; Analysis & Elaboration Status      ; Successful - Thu Mar 10 14:08:03 2022       ;
; Quartus Prime Version              ; 18.1.0 Build 625 09/12/2018 SJ Lite Edition ;
; Revision Name                      ; MIPS                                        ;
; Top-level Entity Name              ; TOP_MODULE                                  ;
; Family                             ; Cyclone IV E                                ;
; Total logic elements               ; N/A until Partition Merge                   ;
;     Total combinational functions  ; N/A until Partition Merge                   ;
;     Dedicated logic registers      ; N/A until Partition Merge                   ;
; Total registers                    ; N/A until Partition Merge                   ;
; Total pins                         ; N/A until Partition Merge                   ;
; Total virtual pins                 ; N/A until Partition Merge                   ;
; Total memory bits                  ; N/A until Partition Merge                   ;
; Embedded Multiplier 9-bit elements ; N/A until Partition Merge                   ;
; Total PLLs                         ; N/A until Partition Merge                   ;
+------------------------------------+---------------------------------------------+


+------------------------------------------+
; Parallel Compilation                     ;
+----------------------------+-------------+
; Processors                 ; Number      ;
+----------------------------+-------------+
; Number detected on machine ; 8           ;
; Maximum allowed            ; 4           ;
;                            ;             ;
; Average used               ; 1.00        ;
; Maximum used               ; 1           ;
;                            ;             ;
; Usage by Processor         ; % Time Used ;
;     Processor 1            ; 100.0%      ;
+----------------------------+-------------+


+------------------------------------------------------------------------------------------------------------+
; Analysis & Elaboration Settings                                                                            ;
+------------------------------------------------------------------+--------------------+--------------------+
; Option                                                           ; Setting            ; Default Value      ;
+------------------------------------------------------------------+--------------------+--------------------+
; Top-level entity name                                            ; TOP_MODULE         ; MIPS               ;
; Family name                                                      ; Cyclone IV E       ; Cyclone V          ;
; Use smart compilation                                            ; Off                ; Off                ;
; Enable parallel Assembler and Timing Analyzer during compilation ; On                 ; On                 ;
; Enable compact report table                                      ; Off                ; Off                ;
; Restructure Multiplexers                                         ; Auto               ; Auto               ;
; Create Debugging Nodes for IP Cores                              ; Off                ; Off                ;
; Preserve fewer node names                                        ; On                 ; On                 ;
; Intel FPGA IP Evaluation Mode                                    ; Enable             ; Enable             ;
; Verilog Version                                                  ; Verilog_2001       ; Verilog_2001       ;
; VHDL Version                                                     ; VHDL_1993          ; VHDL_1993          ;
; State Machine Processing                                         ; Auto               ; Auto               ;
; Safe State Machine                                               ; Off                ; Off                ;
; Extract Verilog State Machines                                   ; On                 ; On                 ;
; Extract VHDL State Machines                                      ; On                 ; On                 ;
; Ignore Verilog initial constructs                                ; Off                ; Off                ;
; Iteration limit for constant Verilog loops                       ; 5000               ; 5000               ;
; Iteration limit for non-constant Verilog loops                   ; 250                ; 250                ;
; Add Pass-Through Logic to Inferred RAMs                          ; On                 ; On                 ;
; Infer RAMs from Raw Logic                                        ; On                 ; On                 ;
; Parallel Synthesis                                               ; On                 ; On                 ;
; DSP Block Balancing                                              ; Auto               ; Auto               ;
; NOT Gate Push-Back                                               ; On                 ; On                 ;
; Power-Up Don't Care                                              ; On                 ; On                 ;
; Remove Redundant Logic Cells                                     ; Off                ; Off                ;
; Remove Duplicate Registers                                       ; On                 ; On                 ;
; Ignore CARRY Buffers                                             ; Off                ; Off                ;
; Ignore CASCADE Buffers                                           ; Off                ; Off                ;
; Ignore GLOBAL Buffers                                            ; Off                ; Off                ;
; Ignore ROW GLOBAL Buffers                                        ; Off                ; Off                ;
; Ignore LCELL Buffers                                             ; Off                ; Off                ;
; Ignore SOFT Buffers                                              ; On                 ; On                 ;
; Limit AHDL Integers to 32 Bits                                   ; Off                ; Off                ;
; Optimization Technique                                           ; Balanced           ; Balanced           ;
; Carry Chain Length                                               ; 70                 ; 70                 ;
; Auto Carry Chains                                                ; On                 ; On                 ;
; Auto Open-Drain Pins                                             ; On                 ; On                 ;
; Perform WYSIWYG Primitive Resynthesis                            ; Off                ; Off                ;
; Auto ROM Replacement                                             ; On                 ; On                 ;
; Auto RAM Replacement                                             ; On                 ; On                 ;
; Auto DSP Block Replacement                                       ; On                 ; On                 ;
; Auto Shift Register Replacement                                  ; Auto               ; Auto               ;
; Allow Shift Register Merging across Hierarchies                  ; Auto               ; Auto               ;
; Auto Clock Enable Replacement                                    ; On                 ; On                 ;
; Strict RAM Replacement                                           ; Off                ; Off                ;
; Allow Synchronous Control Signals                                ; On                 ; On                 ;
; Force Use of Synchronous Clear Signals                           ; Off                ; Off                ;
; Auto RAM Block Balancing                                         ; On                 ; On                 ;
; Auto RAM to Logic Cell Conversion                                ; Off                ; Off                ;
; Auto Resource Sharing                                            ; Off                ; Off                ;
; Allow Any RAM Size For Recognition                               ; Off                ; Off                ;
; Allow Any ROM Size For Recognition                               ; Off                ; Off                ;
; Allow Any Shift Register Size For Recognition                    ; Off                ; Off                ;
; Use LogicLock Constraints during Resource Balancing              ; On                 ; On                 ;
; Ignore translate_off and synthesis_off directives                ; Off                ; Off                ;
; Timing-Driven Synthesis                                          ; On                 ; On                 ;
; Report Parameter Settings                                        ; On                 ; On                 ;
; Report Source Assignments                                        ; On                 ; On                 ;
; Report Connectivity Checks                                       ; On                 ; On                 ;
; Ignore Maximum Fan-Out Assignments                               ; Off                ; Off                ;
; Synchronization Register Chain Length                            ; 2                  ; 2                  ;
; Power Optimization During Synthesis                              ; Normal compilation ; Normal compilation ;
; HDL message level                                                ; Level2             ; Level2             ;
; Suppress Register Optimization Related Messages                  ; Off                ; Off                ;
; Number of Removed Registers Reported in Synthesis Report         ; 5000               ; 5000               ;
; Number of Swept Nodes Reported in Synthesis Report               ; 5000               ; 5000               ;
; Number of Inverted Registers Reported in Synthesis Report        ; 100                ; 100                ;
; Clock MUX Protection                                             ; On                 ; On                 ;
; Auto Gated Clock Conversion                                      ; Off                ; Off                ;
; Block Design Naming                                              ; Auto               ; Auto               ;
; SDC constraint protection                                        ; Off                ; Off                ;
; Synthesis Effort                                                 ; Auto               ; Auto               ;
; Shift Register Replacement - Allow Asynchronous Clear Signal     ; On                 ; On                 ;
; Pre-Mapping Resynthesis Optimization                             ; Off                ; Off                ;
; Analysis & Synthesis Message Level                               ; Medium             ; Medium             ;
; Disable Register Merging Across Hierarchies                      ; Auto               ; Auto               ;
; Resource Aware Inference For Block RAM                           ; On                 ; On                 ;
+------------------------------------------------------------------+--------------------+--------------------+


+---------------------------------+
; Analysis & Elaboration Messages ;
+---------------------------------+
Info: *******************************************************************
Info: Running Quartus Prime Analysis & Elaboration
    Info: Version 18.1.0 Build 625 09/12/2018 SJ Lite Edition
    Info: Processing started: Thu Mar 10 14:07:51 2022
Info: Command: quartus_map --read_settings_files=on --write_settings_files=off MIPS -c MIPS --analysis_and_elaboration
Warning (18236): Number of processors has not been specified which may cause overloading on shared machines.  Set the global assignment NUM_PARALLEL_PROCESSORS in your QSF to an appropriate value for best performance.
Info (20030): Parallel compilation is enabled and will use 4 of the 4 processors detected
Info (12021): Found 1 design units, including 1 entities, in source file /digital roadmap/workshop/my sessions/final project/mips/sign_extend.v
    Info (12023): Found entity 1: Sign_Extend File: D:/digital roadmap/workshop/My sessions/final project/MIPS/Sign_Extend.v Line: 1
Info (12021): Found 1 design units, including 1 entities, in source file /digital roadmap/workshop/my sessions/final project/mips/sh_left32.v
    Info (12023): Found entity 1: sh_left32 File: D:/digital roadmap/workshop/My sessions/final project/MIPS/sh_left32.v Line: 1
Info (12021): Found 1 design units, including 1 entities, in source file /digital roadmap/workshop/my sessions/final project/mips/sh_left.v
    Info (12023): Found entity 1: sh_left File: D:/digital roadmap/workshop/My sessions/final project/MIPS/sh_left.v Line: 1
Info (12021): Found 1 design units, including 1 entities, in source file /digital roadmap/workshop/my sessions/final project/mips/reg_file.v
    Info (12023): Found entity 1: reg_file File: D:/digital roadmap/workshop/My sessions/final project/MIPS/reg_file.v Line: 2
Info (12021): Found 1 design units, including 1 entities, in source file /digital roadmap/workshop/my sessions/final project/mips/pc_adder.v
    Info (12023): Found entity 1: PC_ADDER File: D:/digital roadmap/workshop/My sessions/final project/MIPS/PC_ADDER.v Line: 1
Info (12021): Found 1 design units, including 1 entities, in source file /digital roadmap/workshop/my sessions/final project/mips/pc.v
    Info (12023): Found entity 1: PC File: D:/digital roadmap/workshop/My sessions/final project/MIPS/PC.v Line: 1
Info (12021): Found 1 design units, including 1 entities, in source file /digital roadmap/workshop/my sessions/final project/mips/mux_32_2_1.v
    Info (12023): Found entity 1: mux_32_2_1 File: D:/digital roadmap/workshop/My sessions/final project/MIPS/mux_32_2_1.v Line: 1
Info (12021): Found 1 design units, including 1 entities, in source file /digital roadmap/workshop/my sessions/final project/mips/mux_5_2_1.v
    Info (12023): Found entity 1: mux_5_2_1 File: D:/digital roadmap/workshop/My sessions/final project/MIPS/mux_5_2_1.v Line: 1
Info (12021): Found 1 design units, including 1 entities, in source file /digital roadmap/workshop/my sessions/final project/mips/mips.v
    Info (12023): Found entity 1: mips File: D:/digital roadmap/workshop/My sessions/final project/MIPS/mips.v Line: 1
Info (12021): Found 1 design units, including 1 entities, in source file /digital roadmap/workshop/my sessions/final project/mips/inst_mem.v
    Info (12023): Found entity 1: inst_mem File: D:/digital roadmap/workshop/My sessions/final project/MIPS/inst_mem.v Line: 1
Info (12021): Found 1 design units, including 1 entities, in source file /digital roadmap/workshop/my sessions/final project/mips/data_path.v
    Info (12023): Found entity 1: datapath File: D:/digital roadmap/workshop/My sessions/final project/MIPS/data_path.v Line: 1
Info (12021): Found 1 design units, including 1 entities, in source file /digital roadmap/workshop/my sessions/final project/mips/data_mem.v
    Info (12023): Found entity 1: data_mem File: D:/digital roadmap/workshop/My sessions/final project/MIPS/data_mem.v Line: 1
Info (12021): Found 1 design units, including 1 entities, in source file /digital roadmap/workshop/my sessions/final project/mips/controller.v
    Info (12023): Found entity 1: controller File: D:/digital roadmap/workshop/My sessions/final project/MIPS/controller.v Line: 1
Info (12021): Found 1 design units, including 1 entities, in source file /digital roadmap/workshop/my sessions/final project/mips/control.v
    Info (12023): Found entity 1: control File: D:/digital roadmap/workshop/My sessions/final project/MIPS/control.v Line: 2
Info (12021): Found 1 design units, including 1 entities, in source file /digital roadmap/workshop/my sessions/final project/mips/alucontrol.v
    Info (12023): Found entity 1: ALUControl File: D:/digital roadmap/workshop/My sessions/final project/MIPS/ALUControl.v Line: 1
Info (12021): Found 1 design units, including 1 entities, in source file /digital roadmap/workshop/my sessions/final project/mips/alu.v
    Info (12023): Found entity 1: ALU File: D:/digital roadmap/workshop/My sessions/final project/MIPS/ALU.v Line: 1
Info (12021): Found 1 design units, including 1 entities, in source file /digital roadmap/workshop/my sessions/final project/mips/adder.v
    Info (12023): Found entity 1: adder File: D:/digital roadmap/workshop/My sessions/final project/MIPS/adder.v Line: 1
Info (12021): Found 1 design units, including 1 entities, in source file /digital roadmap/workshop/my sessions/final project/mips/top_module.v
    Info (12023): Found entity 1: TOP_MODULE File: D:/digital roadmap/workshop/My sessions/final project/MIPS/TOP_MODULE.v Line: 1
Info (12127): Elaborating entity "TOP_MODULE" for the top level hierarchy
Info (12128): Elaborating entity "mips" for hierarchy "mips:mips" File: D:/digital roadmap/workshop/My sessions/final project/MIPS/TOP_MODULE.v Line: 14
Info (12128): Elaborating entity "controller" for hierarchy "mips:mips|controller:c" File: D:/digital roadmap/workshop/My sessions/final project/MIPS/mips.v Line: 22
Info (12128): Elaborating entity "control" for hierarchy "mips:mips|controller:c|control:main_decoder" File: D:/digital roadmap/workshop/My sessions/final project/MIPS/controller.v Line: 17
Info (12128): Elaborating entity "ALUControl" for hierarchy "mips:mips|controller:c|ALUControl:alu_decoder" File: D:/digital roadmap/workshop/My sessions/final project/MIPS/controller.v Line: 22
Warning (10235): Verilog HDL Always Construct warning at ALUControl.v(25): variable "Function" is read inside the Always Construct but isn't in the Always Construct's Event Control File: D:/digital roadmap/workshop/My sessions/final project/MIPS/ALUControl.v Line: 25
Info (12128): Elaborating entity "datapath" for hierarchy "mips:mips|datapath:dp" File: D:/digital roadmap/workshop/My sessions/final project/MIPS/mips.v Line: 38
Info (12128): Elaborating entity "PC" for hierarchy "mips:mips|datapath:dp|PC:pcreg" File: D:/digital roadmap/workshop/My sessions/final project/MIPS/data_path.v Line: 18
Info (12128): Elaborating entity "PC_ADDER" for hierarchy "mips:mips|datapath:dp|PC_ADDER:pcadd1" File: D:/digital roadmap/workshop/My sessions/final project/MIPS/data_path.v Line: 22
Info (12128): Elaborating entity "sh_left32" for hierarchy "mips:mips|datapath:dp|sh_left32:immsh" File: D:/digital roadmap/workshop/My sessions/final project/MIPS/data_path.v Line: 26
Info (12128): Elaborating entity "adder" for hierarchy "mips:mips|datapath:dp|adder:pcadd2" File: D:/digital roadmap/workshop/My sessions/final project/MIPS/data_path.v Line: 31
Info (12128): Elaborating entity "mux_32_2_1" for hierarchy "mips:mips|datapath:dp|mux_32_2_1:pcbrmux" File: D:/digital roadmap/workshop/My sessions/final project/MIPS/data_path.v Line: 37
Info (12128): Elaborating entity "sh_left" for hierarchy "mips:mips|datapath:dp|sh_left:sh_left_inst" File: D:/digital roadmap/workshop/My sessions/final project/MIPS/data_path.v Line: 41
Info (12128): Elaborating entity "reg_file" for hierarchy "mips:mips|datapath:dp|reg_file:rf" File: D:/digital roadmap/workshop/My sessions/final project/MIPS/data_path.v Line: 57
Warning (10240): Verilog HDL Always Construct warning at reg_file.v(30): inferring latch(es) for variable "i", which holds its previous value in one or more paths through the always construct File: D:/digital roadmap/workshop/My sessions/final project/MIPS/reg_file.v Line: 30
Info (12128): Elaborating entity "mux_5_2_1" for hierarchy "mips:mips|datapath:dp|mux_5_2_1:wrmux" File: D:/digital roadmap/workshop/My sessions/final project/MIPS/data_path.v Line: 63
Info (12128): Elaborating entity "Sign_Extend" for hierarchy "mips:mips|datapath:dp|Sign_Extend:se" File: D:/digital roadmap/workshop/My sessions/final project/MIPS/data_path.v Line: 73
Info (12128): Elaborating entity "ALU" for hierarchy "mips:mips|datapath:dp|ALU:alu" File: D:/digital roadmap/workshop/My sessions/final project/MIPS/data_path.v Line: 85
Info (12128): Elaborating entity "inst_mem" for hierarchy "inst_mem:imem" File: D:/digital roadmap/workshop/My sessions/final project/MIPS/TOP_MODULE.v Line: 16
Warning (10850): Verilog HDL warning at inst_mem.v(10): number of words (14) in memory file does not match the number of elements in the address range [0:99] File: D:/digital roadmap/workshop/My sessions/final project/MIPS/inst_mem.v Line: 10
Warning (10030): Net "mem.data_a" at inst_mem.v(7) has no driver or initial value, using a default initial value '0' File: D:/digital roadmap/workshop/My sessions/final project/MIPS/inst_mem.v Line: 7
Warning (10030): Net "mem.waddr_a" at inst_mem.v(7) has no driver or initial value, using a default initial value '0' File: D:/digital roadmap/workshop/My sessions/final project/MIPS/inst_mem.v Line: 7
Warning (10030): Net "mem.we_a" at inst_mem.v(7) has no driver or initial value, using a default initial value '0' File: D:/digital roadmap/workshop/My sessions/final project/MIPS/inst_mem.v Line: 7
Info (12128): Elaborating entity "data_mem" for hierarchy "data_mem:dmem" File: D:/digital roadmap/workshop/My sessions/final project/MIPS/TOP_MODULE.v Line: 22
Warning (10230): Verilog HDL assignment warning at data_mem.v(15): truncated value with size 32 to match size of target (16) File: D:/digital roadmap/workshop/My sessions/final project/MIPS/data_mem.v Line: 15
Warning (10240): Verilog HDL Always Construct warning at data_mem.v(17): inferring latch(es) for variable "RD", which holds its previous value in one or more paths through the always construct File: D:/digital roadmap/workshop/My sessions/final project/MIPS/data_mem.v Line: 17
Info (10041): Inferred latch for "RD[0]" at data_mem.v(17) File: D:/digital roadmap/workshop/My sessions/final project/MIPS/data_mem.v Line: 17
Info (10041): Inferred latch for "RD[1]" at data_mem.v(17) File: D:/digital roadmap/workshop/My sessions/final project/MIPS/data_mem.v Line: 17
Info (10041): Inferred latch for "RD[2]" at data_mem.v(17) File: D:/digital roadmap/workshop/My sessions/final project/MIPS/data_mem.v Line: 17
Info (10041): Inferred latch for "RD[3]" at data_mem.v(17) File: D:/digital roadmap/workshop/My sessions/final project/MIPS/data_mem.v Line: 17
Info (10041): Inferred latch for "RD[4]" at data_mem.v(17) File: D:/digital roadmap/workshop/My sessions/final project/MIPS/data_mem.v Line: 17
Info (10041): Inferred latch for "RD[5]" at data_mem.v(17) File: D:/digital roadmap/workshop/My sessions/final project/MIPS/data_mem.v Line: 17
Info (10041): Inferred latch for "RD[6]" at data_mem.v(17) File: D:/digital roadmap/workshop/My sessions/final project/MIPS/data_mem.v Line: 17
Info (10041): Inferred latch for "RD[7]" at data_mem.v(17) File: D:/digital roadmap/workshop/My sessions/final project/MIPS/data_mem.v Line: 17
Info (10041): Inferred latch for "RD[8]" at data_mem.v(17) File: D:/digital roadmap/workshop/My sessions/final project/MIPS/data_mem.v Line: 17
Info (10041): Inferred latch for "RD[9]" at data_mem.v(17) File: D:/digital roadmap/workshop/My sessions/final project/MIPS/data_mem.v Line: 17
Info (10041): Inferred latch for "RD[10]" at data_mem.v(17) File: D:/digital roadmap/workshop/My sessions/final project/MIPS/data_mem.v Line: 17
Info (10041): Inferred latch for "RD[11]" at data_mem.v(17) File: D:/digital roadmap/workshop/My sessions/final project/MIPS/data_mem.v Line: 17
Info (10041): Inferred latch for "RD[12]" at data_mem.v(17) File: D:/digital roadmap/workshop/My sessions/final project/MIPS/data_mem.v Line: 17
Info (10041): Inferred latch for "RD[13]" at data_mem.v(17) File: D:/digital roadmap/workshop/My sessions/final project/MIPS/data_mem.v Line: 17
Info (10041): Inferred latch for "RD[14]" at data_mem.v(17) File: D:/digital roadmap/workshop/My sessions/final project/MIPS/data_mem.v Line: 17
Info (10041): Inferred latch for "RD[15]" at data_mem.v(17) File: D:/digital roadmap/workshop/My sessions/final project/MIPS/data_mem.v Line: 17
Info (10041): Inferred latch for "RD[16]" at data_mem.v(17) File: D:/digital roadmap/workshop/My sessions/final project/MIPS/data_mem.v Line: 17
Info (10041): Inferred latch for "RD[17]" at data_mem.v(17) File: D:/digital roadmap/workshop/My sessions/final project/MIPS/data_mem.v Line: 17
Info (10041): Inferred latch for "RD[18]" at data_mem.v(17) File: D:/digital roadmap/workshop/My sessions/final project/MIPS/data_mem.v Line: 17
Info (10041): Inferred latch for "RD[19]" at data_mem.v(17) File: D:/digital roadmap/workshop/My sessions/final project/MIPS/data_mem.v Line: 17
Info (10041): Inferred latch for "RD[20]" at data_mem.v(17) File: D:/digital roadmap/workshop/My sessions/final project/MIPS/data_mem.v Line: 17
Info (10041): Inferred latch for "RD[21]" at data_mem.v(17) File: D:/digital roadmap/workshop/My sessions/final project/MIPS/data_mem.v Line: 17
Info (10041): Inferred latch for "RD[22]" at data_mem.v(17) File: D:/digital roadmap/workshop/My sessions/final project/MIPS/data_mem.v Line: 17
Info (10041): Inferred latch for "RD[23]" at data_mem.v(17) File: D:/digital roadmap/workshop/My sessions/final project/MIPS/data_mem.v Line: 17
Info (10041): Inferred latch for "RD[24]" at data_mem.v(17) File: D:/digital roadmap/workshop/My sessions/final project/MIPS/data_mem.v Line: 17
Info (10041): Inferred latch for "RD[25]" at data_mem.v(17) File: D:/digital roadmap/workshop/My sessions/final project/MIPS/data_mem.v Line: 17
Info (10041): Inferred latch for "RD[26]" at data_mem.v(17) File: D:/digital roadmap/workshop/My sessions/final project/MIPS/data_mem.v Line: 17
Info (10041): Inferred latch for "RD[27]" at data_mem.v(17) File: D:/digital roadmap/workshop/My sessions/final project/MIPS/data_mem.v Line: 17
Info (10041): Inferred latch for "RD[28]" at data_mem.v(17) File: D:/digital roadmap/workshop/My sessions/final project/MIPS/data_mem.v Line: 17
Info (10041): Inferred latch for "RD[29]" at data_mem.v(17) File: D:/digital roadmap/workshop/My sessions/final project/MIPS/data_mem.v Line: 17
Info (10041): Inferred latch for "RD[30]" at data_mem.v(17) File: D:/digital roadmap/workshop/My sessions/final project/MIPS/data_mem.v Line: 17
Info (10041): Inferred latch for "RD[31]" at data_mem.v(17) File: D:/digital roadmap/workshop/My sessions/final project/MIPS/data_mem.v Line: 17
Info: Quartus Prime Analysis & Elaboration was successful. 0 errors, 9 warnings
    Info: Peak virtual memory: 4723 megabytes
    Info: Processing ended: Thu Mar 10 14:08:03 2022
    Info: Elapsed time: 00:00:12
    Info: Total CPU time (on all processors): 00:00:27


